<?xml version="1.0" encoding="UTF-8"?>
<!-- Generated by org.testng.reporters.JUnitReportReporter -->
<testsuite hostname="EPBYMINW1306" name="com.epam.apartment.dao.ApartmentDaoTest" tests="5" failures="0" timestamp="14 Apr 2017 14:43:21 GMT" time="1.051" errors="0">
  <testcase name="findApartmentByCriteriaCityCountryTest" time="0.162" classname="com.epam.apartment.dao.ApartmentDaoTest"/>
  <testcase name="findConcreteApartmentByUnexistedNameTest" time="0.369" classname="com.epam.apartment.dao.ApartmentDaoTest"/>
  <testcase name="findConcreteApartmentByExistedNameTest" time="0.203" classname="com.epam.apartment.dao.ApartmentDaoTest"/>
  <testcase name="findAvailableApartmentsForDatesWithBookingsTest" time="0.169" classname="com.epam.apartment.dao.ApartmentDaoTest"/>
  <testcase name="findAvailableApartmentsForDatesWithoutBookingsTest" time="0.148" classname="com.epam.apartment.dao.ApartmentDaoTest"/>
</testsuite> <!-- com.epam.apartment.dao.ApartmentDaoTest -->
