<?xml version="1.0" encoding="UTF-8"?>
<!-- Generated by org.testng.reporters.JUnitReportReporter -->
<testsuite hostname="EPBYMINW1306" name="com.epam.apartment.dao.UserDaoTest" tests="9" failures="0" timestamp="14 Apr 2017 14:43:21 GMT" time="0.571" errors="0">
  <testcase name="restorePswdWithNotFoundEmailTest" time="0.039" classname="com.epam.apartment.dao.UserDaoTest"/>
  <testcase name="registerNewUserWithSameEmailTest" time="0.029" classname="com.epam.apartment.dao.UserDaoTest"/>
  <testcase name="registerNewUserSuccessTest" time="0.048" classname="com.epam.apartment.dao.UserDaoTest"/>
  <testcase name="restorePswdSuccessTest" time="0.039" classname="com.epam.apartment.dao.UserDaoTest"/>
  <testcase name="authoriseUserReturnNullTest" time="0.039" classname="com.epam.apartment.dao.UserDaoTest"/>
  <testcase name="editProfileSuccessTest" time="0.031" classname="com.epam.apartment.dao.UserDaoTest"/>
  <testcase name="changePswdSuccessTest" time="0.023" classname="com.epam.apartment.dao.UserDaoTest"/>
  <testcase name="authoriseUserSuccessTest" time="0.067" classname="com.epam.apartment.dao.UserDaoTest"/>
  <testcase name="editProfileThrowsDuplicatedKeyExceptionTest" time="0.256" classname="com.epam.apartment.dao.UserDaoTest"/>
</testsuite> <!-- com.epam.apartment.dao.UserDaoTest -->
