<?xml version="1.0" encoding="UTF-8"?>
<!-- Generated by org.testng.reporters.JUnitReportReporter -->
<testsuite hostname="EPBYMINW1306" name="com.epam.apartment.service.UserServiceTest" tests="10" failures="0" timestamp="14 Apr 2017 14:43:27 GMT" time="0.038" errors="0">
  <testcase name="editProfileSuccessTest" time="0.001" classname="com.epam.apartment.service.UserServiceTest"/>
  <testcase name="authoriseUserSuccessTest" time="0.001" classname="com.epam.apartment.service.UserServiceTest"/>
  <testcase name="registerNewUserThrowDuplicatedKeyExceptionTest" time="0.001" classname="com.epam.apartment.service.UserServiceTest"/>
  <testcase name="restorePswdMatchingPswdsTest" time="0.001" classname="com.epam.apartment.service.UserServiceTest"/>
  <testcase name="changePswdSuccessTest" time="0.001" classname="com.epam.apartment.service.UserServiceTest"/>
  <testcase name="registerNewUserSuccessTest" time="0.026" classname="com.epam.apartment.service.UserServiceTest"/>
  <testcase name="aithoriseUserUnexistedEmailTest" time="0.000" classname="com.epam.apartment.service.UserServiceTest"/>
  <testcase name="editProfileDuplicatedKeyExceptionTest" time="0.005" classname="com.epam.apartment.service.UserServiceTest"/>
  <testcase name="restorePswdUnmatchingPswdsTest" time="0.001" classname="com.epam.apartment.service.UserServiceTest"/>
  <testcase name="registerNewUserUnmatchingPswdsTest" time="0.001" classname="com.epam.apartment.service.UserServiceTest"/>
</testsuite> <!-- com.epam.apartment.service.UserServiceTest -->
