<?xml version="1.0" encoding="UTF-8"?>
<!-- Generated by org.testng.reporters.JUnitReportReporter -->
<testsuite hostname="EPBYMINW1306" name="com.epam.apartment.service.ApartmentServiceTest" tests="4" failures="0" timestamp="14 Apr 2017 14:43:27 GMT" time="0.126" errors="0">
  <testcase name="findConcreteApartmentsTwoFoundTest" time="0.000" classname="com.epam.apartment.service.ApartmentServiceTest"/>
  <testcase name="findAvailableApartmentsSuccessTest" time="0.000" classname="com.epam.apartment.service.ApartmentServiceTest"/>
  <testcase name="findAvailableApartmentsLeavingBeforeArrivingTest" time="0.100" classname="com.epam.apartment.service.ApartmentServiceTest"/>
  <testcase name="findApartmentsByCriteria" time="0.026" classname="com.epam.apartment.service.ApartmentServiceTest"/>
</testsuite> <!-- com.epam.apartment.service.ApartmentServiceTest -->
