<?xml version="1.0" encoding="UTF-8"?>
<!-- Generated by org.testng.reporters.JUnitReportReporter -->
<testsuite hostname="EPBYMINW1306" name="com.epam.apartment.dao.ApartmentDaoTest" tests="5" failures="0" timestamp="14 Apr 2017 14:22:47 GMT" time="1.464" errors="0">
  <testcase name="findConcreteApartmentByUnexistedNameTest" time="0.108" classname="com.epam.apartment.dao.ApartmentDaoTest"/>
  <testcase name="findConcreteApartmentByExistedNameTest" time="0.686" classname="com.epam.apartment.dao.ApartmentDaoTest"/>
  <testcase name="findAvailableApartmentsForDatesWithoutBookingsTest" time="0.342" classname="com.epam.apartment.dao.ApartmentDaoTest"/>
  <testcase name="findApartmentByCriteriaCityCountryTest" time="0.218" classname="com.epam.apartment.dao.ApartmentDaoTest"/>
  <testcase name="findAvailableApartmentsForDatesWithBookingsTest" time="0.110" classname="com.epam.apartment.dao.ApartmentDaoTest"/>
</testsuite> <!-- com.epam.apartment.dao.ApartmentDaoTest -->
