<?xml version="1.0" encoding="UTF-8"?>
<!-- Generated by org.testng.reporters.JUnitReportReporter -->
<testsuite hostname="EPBYMINW1306" name="com.epam.apartment.dao.UserDaoTest" tests="9" failures="0" timestamp="14 Apr 2017 14:23:05 GMT" time="1.014" errors="0">
  <testcase name="restorePswdSuccessTest" time="0.036" classname="com.epam.apartment.dao.UserDaoTest"/>
  <testcase name="authoriseUserReturnNullTest" time="0.126" classname="com.epam.apartment.dao.UserDaoTest"/>
  <testcase name="authoriseUserSuccessTest" time="0.035" classname="com.epam.apartment.dao.UserDaoTest"/>
  <testcase name="changePswdSuccessTest" time="0.040" classname="com.epam.apartment.dao.UserDaoTest"/>
  <testcase name="editProfileSuccessTest" time="0.116" classname="com.epam.apartment.dao.UserDaoTest"/>
  <testcase name="registerNewUserWithSameEmailTest" time="0.033" classname="com.epam.apartment.dao.UserDaoTest"/>
  <testcase name="editProfileThrowsDuplicatedKeyExceptionTest" time="0.232" classname="com.epam.apartment.dao.UserDaoTest"/>
  <testcase name="restorePswdWithNotFoundEmailTest" time="0.192" classname="com.epam.apartment.dao.UserDaoTest"/>
  <testcase name="registerNewUserSuccessTest" time="0.204" classname="com.epam.apartment.dao.UserDaoTest"/>
</testsuite> <!-- com.epam.apartment.dao.UserDaoTest -->
