<?xml version="1.0" encoding="UTF-8"?>
<!-- Generated by org.testng.reporters.JUnitReportReporter -->
<testsuite hostname="EPBYMINW1306" name="com.epam.apartment.dao.JdbcApartmentDaoTest" tests="1" failures="0" timestamp="12 Apr 2017 12:40:14 GMT" time="0.213" errors="0">
  <testcase name="test" time="0.213" classname="com.epam.apartment.dao.JdbcApartmentDaoTest"/>
</testsuite> <!-- com.epam.apartment.dao.JdbcApartmentDaoTest -->
