<?xml version="1.0" encoding="UTF-8"?>
<!-- Generated by org.testng.reporters.JUnitReportReporter -->
<testsuite hostname="EPBYMINW1306" name="com.epam.apartment.service.ApartmentServiceTest" tests="3" failures="0" timestamp="13 Apr 2017 14:55:51 GMT" time="0.117" errors="0">
  <testcase name="findConcreteApartmentsTwoFoundTest" time="0.003" classname="com.epam.apartment.service.ApartmentServiceTest"/>
  <testcase name="findAvailableApartmentsLeavingBeforeArrivingTest" time="0.093" classname="com.epam.apartment.service.ApartmentServiceTest"/>
  <testcase name="findAvailableApartmentsSuccessTest" time="0.021" classname="com.epam.apartment.service.ApartmentServiceTest"/>
</testsuite> <!-- com.epam.apartment.service.ApartmentServiceTest -->
