<?xml version="1.0" encoding="UTF-8"?>
<!-- Generated by org.testng.reporters.JUnitReportReporter -->
<testsuite hostname="EPBYMINW1306" name="com.epam.apartment.dao.UserDaoTest" tests="9" failures="0" timestamp="14 Apr 2017 11:41:34 GMT" time="0.835" errors="0">
  <testcase name="registerNewUserSuccessTest" time="0.098" classname="com.epam.apartment.dao.UserDaoTest"/>
  <testcase name="editProfileSuccessTest" time="0.037" classname="com.epam.apartment.dao.UserDaoTest"/>
  <testcase name="restorePswdSuccessTest" time="0.101" classname="com.epam.apartment.dao.UserDaoTest"/>
  <testcase name="authoriseUserReturnNullTest" time="0.195" classname="com.epam.apartment.dao.UserDaoTest"/>
  <testcase name="authoriseUserSuccessTest" time="0.047" classname="com.epam.apartment.dao.UserDaoTest"/>
  <testcase name="editProfileThrowsDuplicatedKeyExceptionTest" time="0.214" classname="com.epam.apartment.dao.UserDaoTest"/>
  <testcase name="registerNewUserWithSameEmailTest" time="0.043" classname="com.epam.apartment.dao.UserDaoTest"/>
  <testcase name="changePswdSuccessTest" time="0.027" classname="com.epam.apartment.dao.UserDaoTest"/>
  <testcase name="restorePswdWithNotFoundEmailTest" time="0.073" classname="com.epam.apartment.dao.UserDaoTest"/>
</testsuite> <!-- com.epam.apartment.dao.UserDaoTest -->
