<?xml version="1.0" encoding="UTF-8"?>
<!-- Generated by org.testng.reporters.JUnitReportReporter -->
<testsuite hostname="EPBYMINW1306" name="com.epam.apartment.dao.JdbcUserDaoTest" tests="7" failures="0" timestamp="12 Apr 2017 09:21:35 GMT" time="0.501" errors="0">
  <testcase name="authoriseUserSuccessTest" time="0.049" classname="com.epam.apartment.dao.JdbcUserDaoTest"/>
  <testcase name="restorePswdSuccessTest" time="0.035" classname="com.epam.apartment.dao.JdbcUserDaoTest"/>
  <testcase name="changePswdSuccessTest" time="0.087" classname="com.epam.apartment.dao.JdbcUserDaoTest"/>
  <testcase name="registerNewUserSuccessTest" time="0.174" classname="com.epam.apartment.dao.JdbcUserDaoTest"/>
  <testcase name="restorePswdWithNotFoundEmailTest" time="0.022" classname="com.epam.apartment.dao.JdbcUserDaoTest"/>
  <testcase name="authoriseUserReturnNullTest" time="0.042" classname="com.epam.apartment.dao.JdbcUserDaoTest"/>
  <testcase name="editProfileSuccessTest" time="0.092" classname="com.epam.apartment.dao.JdbcUserDaoTest"/>
</testsuite> <!-- com.epam.apartment.dao.JdbcUserDaoTest -->
