<?xml version="1.0" encoding="UTF-8"?>
<!-- Generated by org.testng.reporters.JUnitReportReporter -->
<testsuite hostname="EPBYMINW1306" name="com.epam.apartment.dao.ApartmentDaoTest" tests="5" failures="0" timestamp="14 Apr 2017 11:44:48 GMT" time="0.858" errors="0">
  <testcase name="findConcreteApartmentByExistedNameTest" time="0.135" classname="com.epam.apartment.dao.ApartmentDaoTest"/>
  <testcase name="findAvailableApartmentsForDatesWithoutBookingsTest" time="0.248" classname="com.epam.apartment.dao.ApartmentDaoTest"/>
  <testcase name="findAvailableApartmentsForDatesWithBookingsTest" time="0.193" classname="com.epam.apartment.dao.ApartmentDaoTest"/>
  <testcase name="findApartmentByCriteriaCityCountryTest" time="0.137" classname="com.epam.apartment.dao.ApartmentDaoTest"/>
  <testcase name="findConcreteApartmentByUnexistedNameTest" time="0.145" classname="com.epam.apartment.dao.ApartmentDaoTest"/>
</testsuite> <!-- com.epam.apartment.dao.ApartmentDaoTest -->
