<?xml version="1.0" encoding="UTF-8"?>
<!-- Generated by org.testng.reporters.JUnitReportReporter -->
<testsuite hostname="EPBYMINW1306" name="com.epam.apartment.service.ApartmentServiceTest" tests="4" failures="0" timestamp="14 Apr 2017 14:26:27 GMT" time="0.179" errors="0">
  <testcase name="findAvailableApartmentsSuccessTest" time="0.004" classname="com.epam.apartment.service.ApartmentServiceTest"/>
  <testcase name="findApartmentsByCriteria" time="0.048" classname="com.epam.apartment.service.ApartmentServiceTest"/>
  <testcase name="findConcreteApartmentsTwoFoundTest" time="0.003" classname="com.epam.apartment.service.ApartmentServiceTest"/>
  <testcase name="findAvailableApartmentsLeavingBeforeArrivingTest" time="0.124" classname="com.epam.apartment.service.ApartmentServiceTest"/>
</testsuite> <!-- com.epam.apartment.service.ApartmentServiceTest -->
